  carID_detect.cpp
f:\opencv\opencv\newbuild\install\include\opencv2\core\mat.hpp(2586): warning C4819: 该文件包含不能在当前代码页(936)中表示的字符。请将该文件保存为 Unicode 格式以防止数据丢失
f:\opencv\opencv\newbuild\install\include\opencv2\core\persistence.hpp : warning C4819: 该文件包含不能在当前代码页(936)中表示的字符。请将该文件保存为 Unicode 格式以防止数据丢失
f:\opencv\opencv\newbuild\install\include\opencv2\core\utility.hpp : warning C4819: 该文件包含不能在当前代码页(936)中表示的字符。请将该文件保存为 Unicode 格式以防止数据丢失
f:\opencv\opencv\newbuild\install\include\opencv2\core\utility.hpp : warning C4819: 该文件包含不能在当前代码页(936)中表示的字符。请将该文件保存为 Unicode 格式以防止数据丢失
f:\opencv\opencv\newbuild\install\include\opencv2\imgproc.hpp(592): warning C4819: 该文件包含不能在当前代码页(936)中表示的字符。请将该文件保存为 Unicode 格式以防止数据丢失
f:\opencv作品\ann_train\ann_train\carid_detect.cpp(15): warning C4244: “=”: 从“double”转换到“uchar”，可能丢失数据
f:\opencv作品\ann_train\ann_train\carid_detect.cpp(70): warning C4305: “初始化”: 从“double”到“float”截断
f:\opencv作品\ann_train\ann_train\carid_detect.cpp(72): warning C4244: “初始化”: 从“float”转换到“int”，可能丢失数据
f:\opencv作品\ann_train\ann_train\carid_detect.cpp(73): warning C4244: “初始化”: 从“float”转换到“int”，可能丢失数据
f:\opencv作品\ann_train\ann_train\carid_detect.cpp(77): warning C4244: “初始化”: 从“float”转换到“int”，可能丢失数据
f:\opencv作品\ann_train\ann_train\carid_detect.cpp(135): warning C4305: “初始化”: 从“double”到“float”截断
f:\opencv作品\ann_train\ann_train\carid_detect.cpp(137): warning C4244: “初始化”: 从“float”转换到“int”，可能丢失数据
f:\opencv作品\ann_train\ann_train\carid_detect.cpp(138): warning C4244: “初始化”: 从“float”转换到“int”，可能丢失数据
f:\opencv作品\ann_train\ann_train\carid_detect.cpp(142): warning C4244: “初始化”: 从“float”转换到“int”，可能丢失数据
f:\opencv作品\ann_train\ann_train\carid_detect.cpp(192): warning C4244: “初始化”: 从“int”转换到“float”，可能丢失数据
f:\opencv作品\ann_train\ann_train\carid_detect.cpp(193): warning C4244: “初始化”: 从“int”转换到“float”，可能丢失数据
f:\opencv作品\ann_train\ann_train\carid_detect.cpp(195): warning C4244: “初始化”: 从“int”转换到“float”，可能丢失数据
f:\opencv作品\ann_train\ann_train\carid_detect.cpp(196): warning C4244: “初始化”: 从“int”转换到“float”，可能丢失数据
f:\opencv作品\ann_train\ann_train\carid_detect.cpp(329): warning C4244: “参数”: 从“int”转换到“float”，可能丢失数据
f:\opencv作品\ann_train\ann_train\carid_detect.cpp(330): warning C4244: “参数”: 从“int”转换到“float”，可能丢失数据
f:\opencv作品\ann_train\ann_train\carid_detect.cpp(333): warning C4244: “参数”: 从“int”转换到“float”，可能丢失数据
f:\opencv作品\ann_train\ann_train\carid_detect.cpp(334): warning C4244: “参数”: 从“int”转换到“float”，可能丢失数据
f:\opencv作品\ann_train\ann_train\carid_detect.cpp(348): warning C4305: “初始化”: 从“double”到“float”截断
f:\opencv作品\ann_train\ann_train\carid_detect.cpp(352): warning C4305: “初始化”: 从“double”到“float”截断
f:\opencv作品\ann_train\ann_train\carid_detect.cpp(433): warning C4244: “=”: 从“int”转换到“float”，可能丢失数据
  ann_train.cpp
f:\opencv\opencv\newbuild\install\include\opencv2\core\mat.hpp(2586): warning C4819: 该文件包含不能在当前代码页(936)中表示的字符。请将该文件保存为 Unicode 格式以防止数据丢失
f:\opencv\opencv\newbuild\install\include\opencv2\core\persistence.hpp : warning C4819: 该文件包含不能在当前代码页(936)中表示的字符。请将该文件保存为 Unicode 格式以防止数据丢失
f:\opencv\opencv\newbuild\install\include\opencv2\core\utility.hpp : warning C4819: 该文件包含不能在当前代码页(936)中表示的字符。请将该文件保存为 Unicode 格式以防止数据丢失
f:\opencv\opencv\newbuild\install\include\opencv2\core\utility.hpp : warning C4819: 该文件包含不能在当前代码页(936)中表示的字符。请将该文件保存为 Unicode 格式以防止数据丢失
f:\opencv\opencv\newbuild\install\include\opencv2\imgproc.hpp(592): warning C4819: 该文件包含不能在当前代码页(936)中表示的字符。请将该文件保存为 Unicode 格式以防止数据丢失
f:\opencv作品\ann_train\ann_train\ann_train.cpp(46): warning C4244: “参数”: 从“int”转换到“float”，可能丢失数据
f:\opencv作品\ann_train\ann_train\ann_train.cpp(47): warning C4244: “参数”: 从“int”转换到“float”，可能丢失数据
f:\opencv作品\ann_train\ann_train\ann_train.cpp(50): warning C4244: “参数”: 从“int”转换到“float”，可能丢失数据
f:\opencv作品\ann_train\ann_train\ann_train.cpp(51): warning C4244: “参数”: 从“int”转换到“float”，可能丢失数据
f:\opencv作品\ann_train\ann_train\ann_train.cpp(76): warning C4305: “=”: 从“double”到“float”截断
f:\opencv作品\ann_train\ann_train\ann_train.cpp(79): warning C4305: “=”: 从“double”到“float”截断
f:\opencv作品\ann_train\ann_train\ann_train.cpp(123): warning C4244: “参数”: 从“int”转换到“float”，可能丢失数据
f:\opencv作品\ann_train\ann_train\ann_train.cpp(124): warning C4244: “参数”: 从“int”转换到“float”，可能丢失数据
f:\opencv作品\ann_train\ann_train\ann_train.cpp(127): warning C4244: “参数”: 从“int”转换到“float”，可能丢失数据
f:\opencv作品\ann_train\ann_train\ann_train.cpp(128): warning C4244: “参数”: 从“int”转换到“float”，可能丢失数据
  正在生成代码...
  ANN_train.vcxproj -> F:\opencv作品\ANN_train\x64\Debug\ANN_train.exe
  ANN_train.vcxproj -> F:\opencv作品\ANN_train\x64\Debug\ANN_train.pdb (Full PDB)
