F:\Visual Studio 2010 Projects\CVset2\CVset2\x64\Debug\cl.command.1.tlog
F:\Visual Studio 2010 Projects\CVset2\CVset2\x64\Debug\CL.read.1.tlog
F:\Visual Studio 2010 Projects\CVset2\CVset2\x64\Debug\CL.write.1.tlog
F:\VISUAL STUDIO 2010 PROJECTS\CVSET2\CVSET2\X64\DEBUG\CVSET2.EXE.EMBED.MANIFEST
F:\VISUAL STUDIO 2010 PROJECTS\CVSET2\CVSET2\X64\DEBUG\CVSET2.EXE.EMBED.MANIFEST.RES
F:\VISUAL STUDIO 2010 PROJECTS\CVSET2\CVSET2\X64\DEBUG\CVSET2.EXE.INTERMEDIATE.MANIFEST
F:\VISUAL STUDIO 2010 PROJECTS\CVSET2\CVSET2\X64\DEBUG\CVSET2.OBJ
F:\Visual Studio 2010 Projects\CVset2\CVset2\x64\Debug\CVset2.write.1.tlog
F:\Visual Studio 2010 Projects\CVset2\CVset2\x64\Debug\CVset2_manifest.rc
F:\Visual Studio 2010 Projects\CVset2\CVset2\x64\Debug\link.14352.read.1.tlog
F:\Visual Studio 2010 Projects\CVset2\CVset2\x64\Debug\link.14352.write.1.tlog
F:\Visual Studio 2010 Projects\CVset2\CVset2\x64\Debug\link.14352-cvtres.read.1.tlog
F:\Visual Studio 2010 Projects\CVset2\CVset2\x64\Debug\link.14352-cvtres.write.1.tlog
F:\Visual Studio 2010 Projects\CVset2\CVset2\x64\Debug\link.command.1.tlog
F:\Visual Studio 2010 Projects\CVset2\CVset2\x64\Debug\link.read.1.tlog
F:\Visual Studio 2010 Projects\CVset2\CVset2\x64\Debug\link.write.1.tlog
F:\Visual Studio 2010 Projects\CVset2\CVset2\x64\Debug\link-cvtres.read.1.tlog
F:\Visual Studio 2010 Projects\CVset2\CVset2\x64\Debug\link-cvtres.write.1.tlog
F:\Visual Studio 2010 Projects\CVset2\CVset2\x64\Debug\mt.command.1.tlog
F:\Visual Studio 2010 Projects\CVset2\CVset2\x64\Debug\mt.read.1.tlog
F:\Visual Studio 2010 Projects\CVset2\CVset2\x64\Debug\mt.write.1.tlog
F:\Visual Studio 2010 Projects\CVset2\CVset2\x64\Debug\rc.command.1.tlog
F:\Visual Studio 2010 Projects\CVset2\CVset2\x64\Debug\rc.read.1.tlog
F:\Visual Studio 2010 Projects\CVset2\CVset2\x64\Debug\rc.write.1.tlog
F:\Visual Studio 2010 Projects\CVset2\CVset2\x64\Debug\vc100.idb
F:\VISUAL STUDIO 2010 PROJECTS\CVSET2\CVSET2\X64\DEBUG\VC100.PDB
F:\VISUAL STUDIO 2010 PROJECTS\CVSET2\X64\DEBUG\CVSET2.EXE
F:\VISUAL STUDIO 2010 PROJECTS\CVSET2\X64\DEBUG\CVSET2.ILK
F:\VISUAL STUDIO 2010 PROJECTS\CVSET2\X64\DEBUG\CVSET2.PDB
